[2023-11-28 22:14:33,996][__main__][INFO] - Found GPU with device_name Tesla V100-PCIE-32GB. Will run RFdiffusion on Tesla V100-PCIE-32GB
[2023-11-28 22:14:33,997][rfdiffusion.inference.model_runners][INFO] - Reading checkpoint from /home/schaerer/Protein_design2/pipeline_code/RFdiffusion/rfdiffusion/inference/../../models/Base_ckpt.pt
[2023-11-28 22:14:50,141][rfdiffusion.inference.model_runners][INFO] - Loading checkpoint.
[2023-11-28 22:14:50,283][rfdiffusion.diffusion][INFO] - Using cached IGSO3.
[2023-11-28 22:14:50,434][__main__][INFO] - Making design RFdiffusion_tmp_output/test_scaffold_0
[2023-11-28 22:14:50,454][rfdiffusion.inference.model_runners][INFO] - Using contig: ['4-12/A8-21/3-11/A29-52/10-40/A78-89/21-51/A126-135/2-10/A142-148/6-18/A161-169/19-49/A204-208/10-100']
[2023-11-28 22:14:50,542][rfdiffusion.inference.model_runners][INFO] - Sequence init: ----------EKIGEGTYGVVYKA----------VVALKKIRLDTETEGVPSTAIREI--------------------------------LVFEFLHQDLKK----------------------------------------RDLKPQNLLI---------KLADFGL---------HEVVTLWYR-------------------------------------------------PGDSE--------------------
[2023-11-28 22:15:03,531][rfdiffusion.inference.utils][INFO] - Sampled motif RMSD: 0.35
[2023-11-28 22:15:03,546][rfdiffusion.inference.model_runners][INFO] - Timestep 50, input to next step: ----------EKIGEGTYGVVYKA----------VVALKKIRLDTETEGVPSTAIREI--------------------------------LVFEFLHQDLKK----------------------------------------RDLKPQNLLI---------KLADFGL---------HEVVTLWYR-------------------------------------------------PGDSE--------------------
[2023-11-28 22:15:04,862][rfdiffusion.inference.utils][INFO] - Sampled motif RMSD: 0.27
[2023-11-28 22:15:04,865][rfdiffusion.inference.model_runners][INFO] - Timestep 49, input to next step: ----------EKIGEGTYGVVYKA----------VVALKKIRLDTETEGVPSTAIREI--------------------------------LVFEFLHQDLKK----------------------------------------RDLKPQNLLI---------KLADFGL---------HEVVTLWYR-------------------------------------------------PGDSE--------------------
[2023-11-28 22:15:06,172][rfdiffusion.inference.utils][INFO] - Sampled motif RMSD: 0.30
[2023-11-28 22:15:06,175][rfdiffusion.inference.model_runners][INFO] - Timestep 48, input to next step: ----------EKIGEGTYGVVYKA----------VVALKKIRLDTETEGVPSTAIREI--------------------------------LVFEFLHQDLKK----------------------------------------RDLKPQNLLI---------KLADFGL---------HEVVTLWYR-------------------------------------------------PGDSE--------------------
[2023-11-28 22:15:07,487][rfdiffusion.inference.utils][INFO] - Sampled motif RMSD: 0.31
[2023-11-28 22:15:07,490][rfdiffusion.inference.model_runners][INFO] - Timestep 47, input to next step: ----------EKIGEGTYGVVYKA----------VVALKKIRLDTETEGVPSTAIREI--------------------------------LVFEFLHQDLKK----------------------------------------RDLKPQNLLI---------KLADFGL---------HEVVTLWYR-------------------------------------------------PGDSE--------------------
[2023-11-28 22:15:08,804][rfdiffusion.inference.utils][INFO] - Sampled motif RMSD: 0.32
[2023-11-28 22:15:08,807][rfdiffusion.inference.model_runners][INFO] - Timestep 46, input to next step: ----------EKIGEGTYGVVYKA----------VVALKKIRLDTETEGVPSTAIREI--------------------------------LVFEFLHQDLKK----------------------------------------RDLKPQNLLI---------KLADFGL---------HEVVTLWYR-------------------------------------------------PGDSE--------------------
[2023-11-28 22:15:10,113][rfdiffusion.inference.utils][INFO] - Sampled motif RMSD: 0.30
[2023-11-28 22:15:10,116][rfdiffusion.inference.model_runners][INFO] - Timestep 45, input to next step: ----------EKIGEGTYGVVYKA----------VVALKKIRLDTETEGVPSTAIREI--------------------------------LVFEFLHQDLKK----------------------------------------RDLKPQNLLI---------KLADFGL---------HEVVTLWYR-------------------------------------------------PGDSE--------------------
[2023-11-28 22:15:11,425][rfdiffusion.inference.utils][INFO] - Sampled motif RMSD: 0.27
[2023-11-28 22:15:11,428][rfdiffusion.inference.model_runners][INFO] - Timestep 44, input to next step: ----------EKIGEGTYGVVYKA----------VVALKKIRLDTETEGVPSTAIREI--------------------------------LVFEFLHQDLKK----------------------------------------RDLKPQNLLI---------KLADFGL---------HEVVTLWYR-------------------------------------------------PGDSE--------------------
[2023-11-28 22:15:12,737][rfdiffusion.inference.utils][INFO] - Sampled motif RMSD: 0.27
[2023-11-28 22:15:12,740][rfdiffusion.inference.model_runners][INFO] - Timestep 43, input to next step: ----------EKIGEGTYGVVYKA----------VVALKKIRLDTETEGVPSTAIREI--------------------------------LVFEFLHQDLKK----------------------------------------RDLKPQNLLI---------KLADFGL---------HEVVTLWYR-------------------------------------------------PGDSE--------------------
[2023-11-28 22:15:14,050][rfdiffusion.inference.utils][INFO] - Sampled motif RMSD: 0.26
[2023-11-28 22:15:14,053][rfdiffusion.inference.model_runners][INFO] - Timestep 42, input to next step: ----------EKIGEGTYGVVYKA----------VVALKKIRLDTETEGVPSTAIREI--------------------------------LVFEFLHQDLKK----------------------------------------RDLKPQNLLI---------KLADFGL---------HEVVTLWYR-------------------------------------------------PGDSE--------------------
[2023-11-28 22:15:15,363][rfdiffusion.inference.utils][INFO] - Sampled motif RMSD: 0.26
[2023-11-28 22:15:15,367][rfdiffusion.inference.model_runners][INFO] - Timestep 41, input to next step: ----------EKIGEGTYGVVYKA----------VVALKKIRLDTETEGVPSTAIREI--------------------------------LVFEFLHQDLKK----------------------------------------RDLKPQNLLI---------KLADFGL---------HEVVTLWYR-------------------------------------------------PGDSE--------------------
[2023-11-28 22:15:16,675][rfdiffusion.inference.utils][INFO] - Sampled motif RMSD: 0.26
[2023-11-28 22:15:16,678][rfdiffusion.inference.model_runners][INFO] - Timestep 40, input to next step: ----------EKIGEGTYGVVYKA----------VVALKKIRLDTETEGVPSTAIREI--------------------------------LVFEFLHQDLKK----------------------------------------RDLKPQNLLI---------KLADFGL---------HEVVTLWYR-------------------------------------------------PGDSE--------------------
[2023-11-28 22:15:17,990][rfdiffusion.inference.utils][INFO] - Sampled motif RMSD: 0.26
[2023-11-28 22:15:17,993][rfdiffusion.inference.model_runners][INFO] - Timestep 39, input to next step: ----------EKIGEGTYGVVYKA----------VVALKKIRLDTETEGVPSTAIREI--------------------------------LVFEFLHQDLKK----------------------------------------RDLKPQNLLI---------KLADFGL---------HEVVTLWYR-------------------------------------------------PGDSE--------------------
[2023-11-28 22:15:19,316][rfdiffusion.inference.utils][INFO] - Sampled motif RMSD: 0.26
[2023-11-28 22:15:19,319][rfdiffusion.inference.model_runners][INFO] - Timestep 38, input to next step: ----------EKIGEGTYGVVYKA----------VVALKKIRLDTETEGVPSTAIREI--------------------------------LVFEFLHQDLKK----------------------------------------RDLKPQNLLI---------KLADFGL---------HEVVTLWYR-------------------------------------------------PGDSE--------------------
[2023-11-28 22:15:20,634][rfdiffusion.inference.utils][INFO] - Sampled motif RMSD: 0.27
[2023-11-28 22:15:20,637][rfdiffusion.inference.model_runners][INFO] - Timestep 37, input to next step: ----------EKIGEGTYGVVYKA----------VVALKKIRLDTETEGVPSTAIREI--------------------------------LVFEFLHQDLKK----------------------------------------RDLKPQNLLI---------KLADFGL---------HEVVTLWYR-------------------------------------------------PGDSE--------------------
[2023-11-28 22:15:21,952][rfdiffusion.inference.utils][INFO] - Sampled motif RMSD: 0.27
[2023-11-28 22:15:21,955][rfdiffusion.inference.model_runners][INFO] - Timestep 36, input to next step: ----------EKIGEGTYGVVYKA----------VVALKKIRLDTETEGVPSTAIREI--------------------------------LVFEFLHQDLKK----------------------------------------RDLKPQNLLI---------KLADFGL---------HEVVTLWYR-------------------------------------------------PGDSE--------------------
[2023-11-28 22:15:23,382][rfdiffusion.inference.utils][INFO] - Sampled motif RMSD: 0.28
[2023-11-28 22:15:23,385][rfdiffusion.inference.model_runners][INFO] - Timestep 35, input to next step: ----------EKIGEGTYGVVYKA----------VVALKKIRLDTETEGVPSTAIREI--------------------------------LVFEFLHQDLKK----------------------------------------RDLKPQNLLI---------KLADFGL---------HEVVTLWYR-------------------------------------------------PGDSE--------------------
[2023-11-28 22:15:24,698][rfdiffusion.inference.utils][INFO] - Sampled motif RMSD: 0.28
[2023-11-28 22:15:24,701][rfdiffusion.inference.model_runners][INFO] - Timestep 34, input to next step: ----------EKIGEGTYGVVYKA----------VVALKKIRLDTETEGVPSTAIREI--------------------------------LVFEFLHQDLKK----------------------------------------RDLKPQNLLI---------KLADFGL---------HEVVTLWYR-------------------------------------------------PGDSE--------------------
[2023-11-28 22:15:26,011][rfdiffusion.inference.utils][INFO] - Sampled motif RMSD: 0.27
[2023-11-28 22:15:26,014][rfdiffusion.inference.model_runners][INFO] - Timestep 33, input to next step: ----------EKIGEGTYGVVYKA----------VVALKKIRLDTETEGVPSTAIREI--------------------------------LVFEFLHQDLKK----------------------------------------RDLKPQNLLI---------KLADFGL---------HEVVTLWYR-------------------------------------------------PGDSE--------------------
[2023-11-28 22:15:27,323][rfdiffusion.inference.utils][INFO] - Sampled motif RMSD: 0.27
[2023-11-28 22:15:27,326][rfdiffusion.inference.model_runners][INFO] - Timestep 32, input to next step: ----------EKIGEGTYGVVYKA----------VVALKKIRLDTETEGVPSTAIREI--------------------------------LVFEFLHQDLKK----------------------------------------RDLKPQNLLI---------KLADFGL---------HEVVTLWYR-------------------------------------------------PGDSE--------------------
[2023-11-28 22:15:28,634][rfdiffusion.inference.utils][INFO] - Sampled motif RMSD: 0.28
[2023-11-28 22:15:28,637][rfdiffusion.inference.model_runners][INFO] - Timestep 31, input to next step: ----------EKIGEGTYGVVYKA----------VVALKKIRLDTETEGVPSTAIREI--------------------------------LVFEFLHQDLKK----------------------------------------RDLKPQNLLI---------KLADFGL---------HEVVTLWYR-------------------------------------------------PGDSE--------------------
[2023-11-28 22:15:29,944][rfdiffusion.inference.utils][INFO] - Sampled motif RMSD: 0.30
[2023-11-28 22:15:29,947][rfdiffusion.inference.model_runners][INFO] - Timestep 30, input to next step: ----------EKIGEGTYGVVYKA----------VVALKKIRLDTETEGVPSTAIREI--------------------------------LVFEFLHQDLKK----------------------------------------RDLKPQNLLI---------KLADFGL---------HEVVTLWYR-------------------------------------------------PGDSE--------------------
[2023-11-28 22:15:31,258][rfdiffusion.inference.utils][INFO] - Sampled motif RMSD: 0.33
[2023-11-28 22:15:31,261][rfdiffusion.inference.model_runners][INFO] - Timestep 29, input to next step: ----------EKIGEGTYGVVYKA----------VVALKKIRLDTETEGVPSTAIREI--------------------------------LVFEFLHQDLKK----------------------------------------RDLKPQNLLI---------KLADFGL---------HEVVTLWYR-------------------------------------------------PGDSE--------------------
[2023-11-28 22:15:32,573][rfdiffusion.inference.utils][INFO] - Sampled motif RMSD: 0.33
[2023-11-28 22:15:32,576][rfdiffusion.inference.model_runners][INFO] - Timestep 28, input to next step: ----------EKIGEGTYGVVYKA----------VVALKKIRLDTETEGVPSTAIREI--------------------------------LVFEFLHQDLKK----------------------------------------RDLKPQNLLI---------KLADFGL---------HEVVTLWYR-------------------------------------------------PGDSE--------------------
[2023-11-28 22:15:33,890][rfdiffusion.inference.utils][INFO] - Sampled motif RMSD: 0.35
[2023-11-28 22:15:33,893][rfdiffusion.inference.model_runners][INFO] - Timestep 27, input to next step: ----------EKIGEGTYGVVYKA----------VVALKKIRLDTETEGVPSTAIREI--------------------------------LVFEFLHQDLKK----------------------------------------RDLKPQNLLI---------KLADFGL---------HEVVTLWYR-------------------------------------------------PGDSE--------------------
[2023-11-28 22:15:35,200][rfdiffusion.inference.utils][INFO] - Sampled motif RMSD: 0.33
[2023-11-28 22:15:35,203][rfdiffusion.inference.model_runners][INFO] - Timestep 26, input to next step: ----------EKIGEGTYGVVYKA----------VVALKKIRLDTETEGVPSTAIREI--------------------------------LVFEFLHQDLKK----------------------------------------RDLKPQNLLI---------KLADFGL---------HEVVTLWYR-------------------------------------------------PGDSE--------------------
[2023-11-28 22:15:36,510][rfdiffusion.inference.utils][INFO] - Sampled motif RMSD: 0.32
[2023-11-28 22:15:36,513][rfdiffusion.inference.model_runners][INFO] - Timestep 25, input to next step: ----------EKIGEGTYGVVYKA----------VVALKKIRLDTETEGVPSTAIREI--------------------------------LVFEFLHQDLKK----------------------------------------RDLKPQNLLI---------KLADFGL---------HEVVTLWYR-------------------------------------------------PGDSE--------------------
[2023-11-28 22:15:37,833][rfdiffusion.inference.utils][INFO] - Sampled motif RMSD: 0.32
[2023-11-28 22:15:37,836][rfdiffusion.inference.model_runners][INFO] - Timestep 24, input to next step: ----------EKIGEGTYGVVYKA----------VVALKKIRLDTETEGVPSTAIREI--------------------------------LVFEFLHQDLKK----------------------------------------RDLKPQNLLI---------KLADFGL---------HEVVTLWYR-------------------------------------------------PGDSE--------------------
[2023-11-28 22:15:39,146][rfdiffusion.inference.utils][INFO] - Sampled motif RMSD: 0.30
[2023-11-28 22:15:39,149][rfdiffusion.inference.model_runners][INFO] - Timestep 23, input to next step: ----------EKIGEGTYGVVYKA----------VVALKKIRLDTETEGVPSTAIREI--------------------------------LVFEFLHQDLKK----------------------------------------RDLKPQNLLI---------KLADFGL---------HEVVTLWYR-------------------------------------------------PGDSE--------------------
[2023-11-28 22:15:40,460][rfdiffusion.inference.utils][INFO] - Sampled motif RMSD: 0.30
[2023-11-28 22:15:40,463][rfdiffusion.inference.model_runners][INFO] - Timestep 22, input to next step: ----------EKIGEGTYGVVYKA----------VVALKKIRLDTETEGVPSTAIREI--------------------------------LVFEFLHQDLKK----------------------------------------RDLKPQNLLI---------KLADFGL---------HEVVTLWYR-------------------------------------------------PGDSE--------------------
[2023-11-28 22:15:41,768][rfdiffusion.inference.utils][INFO] - Sampled motif RMSD: 0.30
[2023-11-28 22:15:41,771][rfdiffusion.inference.model_runners][INFO] - Timestep 21, input to next step: ----------EKIGEGTYGVVYKA----------VVALKKIRLDTETEGVPSTAIREI--------------------------------LVFEFLHQDLKK----------------------------------------RDLKPQNLLI---------KLADFGL---------HEVVTLWYR-------------------------------------------------PGDSE--------------------
[2023-11-28 22:15:43,076][rfdiffusion.inference.utils][INFO] - Sampled motif RMSD: 0.30
[2023-11-28 22:15:43,079][rfdiffusion.inference.model_runners][INFO] - Timestep 20, input to next step: ----------EKIGEGTYGVVYKA----------VVALKKIRLDTETEGVPSTAIREI--------------------------------LVFEFLHQDLKK----------------------------------------RDLKPQNLLI---------KLADFGL---------HEVVTLWYR-------------------------------------------------PGDSE--------------------
[2023-11-28 22:15:44,380][rfdiffusion.inference.utils][INFO] - Sampled motif RMSD: 0.30
[2023-11-28 22:15:44,383][rfdiffusion.inference.model_runners][INFO] - Timestep 19, input to next step: ----------EKIGEGTYGVVYKA----------VVALKKIRLDTETEGVPSTAIREI--------------------------------LVFEFLHQDLKK----------------------------------------RDLKPQNLLI---------KLADFGL---------HEVVTLWYR-------------------------------------------------PGDSE--------------------
[2023-11-28 22:15:45,687][rfdiffusion.inference.utils][INFO] - Sampled motif RMSD: 0.31
[2023-11-28 22:15:45,690][rfdiffusion.inference.model_runners][INFO] - Timestep 18, input to next step: ----------EKIGEGTYGVVYKA----------VVALKKIRLDTETEGVPSTAIREI--------------------------------LVFEFLHQDLKK----------------------------------------RDLKPQNLLI---------KLADFGL---------HEVVTLWYR-------------------------------------------------PGDSE--------------------
[2023-11-28 22:15:46,992][rfdiffusion.inference.utils][INFO] - Sampled motif RMSD: 0.31
[2023-11-28 22:15:46,995][rfdiffusion.inference.model_runners][INFO] - Timestep 17, input to next step: ----------EKIGEGTYGVVYKA----------VVALKKIRLDTETEGVPSTAIREI--------------------------------LVFEFLHQDLKK----------------------------------------RDLKPQNLLI---------KLADFGL---------HEVVTLWYR-------------------------------------------------PGDSE--------------------
[2023-11-28 22:15:48,295][rfdiffusion.inference.utils][INFO] - Sampled motif RMSD: 0.31
[2023-11-28 22:15:48,297][rfdiffusion.inference.model_runners][INFO] - Timestep 16, input to next step: ----------EKIGEGTYGVVYKA----------VVALKKIRLDTETEGVPSTAIREI--------------------------------LVFEFLHQDLKK----------------------------------------RDLKPQNLLI---------KLADFGL---------HEVVTLWYR-------------------------------------------------PGDSE--------------------
[2023-11-28 22:15:49,597][rfdiffusion.inference.utils][INFO] - Sampled motif RMSD: 0.30
[2023-11-28 22:15:49,599][rfdiffusion.inference.model_runners][INFO] - Timestep 15, input to next step: ----------EKIGEGTYGVVYKA----------VVALKKIRLDTETEGVPSTAIREI--------------------------------LVFEFLHQDLKK----------------------------------------RDLKPQNLLI---------KLADFGL---------HEVVTLWYR-------------------------------------------------PGDSE--------------------
[2023-11-28 22:15:50,896][rfdiffusion.inference.utils][INFO] - Sampled motif RMSD: 0.30
[2023-11-28 22:15:50,899][rfdiffusion.inference.model_runners][INFO] - Timestep 14, input to next step: ----------EKIGEGTYGVVYKA----------VVALKKIRLDTETEGVPSTAIREI--------------------------------LVFEFLHQDLKK----------------------------------------RDLKPQNLLI---------KLADFGL---------HEVVTLWYR-------------------------------------------------PGDSE--------------------
[2023-11-28 22:15:52,207][rfdiffusion.inference.utils][INFO] - Sampled motif RMSD: 0.30
[2023-11-28 22:15:52,210][rfdiffusion.inference.model_runners][INFO] - Timestep 13, input to next step: ----------EKIGEGTYGVVYKA----------VVALKKIRLDTETEGVPSTAIREI--------------------------------LVFEFLHQDLKK----------------------------------------RDLKPQNLLI---------KLADFGL---------HEVVTLWYR-------------------------------------------------PGDSE--------------------
[2023-11-28 22:15:53,506][rfdiffusion.inference.utils][INFO] - Sampled motif RMSD: 0.29
[2023-11-28 22:15:53,508][rfdiffusion.inference.model_runners][INFO] - Timestep 12, input to next step: ----------EKIGEGTYGVVYKA----------VVALKKIRLDTETEGVPSTAIREI--------------------------------LVFEFLHQDLKK----------------------------------------RDLKPQNLLI---------KLADFGL---------HEVVTLWYR-------------------------------------------------PGDSE--------------------
[2023-11-28 22:15:54,802][rfdiffusion.inference.utils][INFO] - Sampled motif RMSD: 0.29
[2023-11-28 22:15:54,805][rfdiffusion.inference.model_runners][INFO] - Timestep 11, input to next step: ----------EKIGEGTYGVVYKA----------VVALKKIRLDTETEGVPSTAIREI--------------------------------LVFEFLHQDLKK----------------------------------------RDLKPQNLLI---------KLADFGL---------HEVVTLWYR-------------------------------------------------PGDSE--------------------
[2023-11-28 22:15:56,098][rfdiffusion.inference.utils][INFO] - Sampled motif RMSD: 0.29
[2023-11-28 22:15:56,101][rfdiffusion.inference.model_runners][INFO] - Timestep 10, input to next step: ----------EKIGEGTYGVVYKA----------VVALKKIRLDTETEGVPSTAIREI--------------------------------LVFEFLHQDLKK----------------------------------------RDLKPQNLLI---------KLADFGL---------HEVVTLWYR-------------------------------------------------PGDSE--------------------
[2023-11-28 22:15:57,394][rfdiffusion.inference.utils][INFO] - Sampled motif RMSD: 0.30
[2023-11-28 22:15:57,397][rfdiffusion.inference.model_runners][INFO] - Timestep 9, input to next step: ----------EKIGEGTYGVVYKA----------VVALKKIRLDTETEGVPSTAIREI--------------------------------LVFEFLHQDLKK----------------------------------------RDLKPQNLLI---------KLADFGL---------HEVVTLWYR-------------------------------------------------PGDSE--------------------
[2023-11-28 22:15:58,689][rfdiffusion.inference.utils][INFO] - Sampled motif RMSD: 0.29
[2023-11-28 22:15:58,692][rfdiffusion.inference.model_runners][INFO] - Timestep 8, input to next step: ----------EKIGEGTYGVVYKA----------VVALKKIRLDTETEGVPSTAIREI--------------------------------LVFEFLHQDLKK----------------------------------------RDLKPQNLLI---------KLADFGL---------HEVVTLWYR-------------------------------------------------PGDSE--------------------
[2023-11-28 22:15:59,984][rfdiffusion.inference.utils][INFO] - Sampled motif RMSD: 0.29
[2023-11-28 22:15:59,987][rfdiffusion.inference.model_runners][INFO] - Timestep 7, input to next step: ----------EKIGEGTYGVVYKA----------VVALKKIRLDTETEGVPSTAIREI--------------------------------LVFEFLHQDLKK----------------------------------------RDLKPQNLLI---------KLADFGL---------HEVVTLWYR-------------------------------------------------PGDSE--------------------
[2023-11-28 22:16:01,280][rfdiffusion.inference.utils][INFO] - Sampled motif RMSD: 0.29
[2023-11-28 22:16:01,283][rfdiffusion.inference.model_runners][INFO] - Timestep 6, input to next step: ----------EKIGEGTYGVVYKA----------VVALKKIRLDTETEGVPSTAIREI--------------------------------LVFEFLHQDLKK----------------------------------------RDLKPQNLLI---------KLADFGL---------HEVVTLWYR-------------------------------------------------PGDSE--------------------
[2023-11-28 22:16:02,573][rfdiffusion.inference.utils][INFO] - Sampled motif RMSD: 0.29
[2023-11-28 22:16:02,576][rfdiffusion.inference.model_runners][INFO] - Timestep 5, input to next step: ----------EKIGEGTYGVVYKA----------VVALKKIRLDTETEGVPSTAIREI--------------------------------LVFEFLHQDLKK----------------------------------------RDLKPQNLLI---------KLADFGL---------HEVVTLWYR-------------------------------------------------PGDSE--------------------
[2023-11-28 22:16:03,868][rfdiffusion.inference.utils][INFO] - Sampled motif RMSD: 0.29
[2023-11-28 22:16:03,871][rfdiffusion.inference.model_runners][INFO] - Timestep 4, input to next step: ----------EKIGEGTYGVVYKA----------VVALKKIRLDTETEGVPSTAIREI--------------------------------LVFEFLHQDLKK----------------------------------------RDLKPQNLLI---------KLADFGL---------HEVVTLWYR-------------------------------------------------PGDSE--------------------
[2023-11-28 22:16:05,160][rfdiffusion.inference.utils][INFO] - Sampled motif RMSD: 0.29
[2023-11-28 22:16:05,163][rfdiffusion.inference.model_runners][INFO] - Timestep 3, input to next step: ----------EKIGEGTYGVVYKA----------VVALKKIRLDTETEGVPSTAIREI--------------------------------LVFEFLHQDLKK----------------------------------------RDLKPQNLLI---------KLADFGL---------HEVVTLWYR-------------------------------------------------PGDSE--------------------
[2023-11-28 22:16:06,471][rfdiffusion.inference.utils][INFO] - Sampled motif RMSD: 0.29
[2023-11-28 22:16:06,473][rfdiffusion.inference.model_runners][INFO] - Timestep 2, input to next step: ----------EKIGEGTYGVVYKA----------VVALKKIRLDTETEGVPSTAIREI--------------------------------LVFEFLHQDLKK----------------------------------------RDLKPQNLLI---------KLADFGL---------HEVVTLWYR-------------------------------------------------PGDSE--------------------
[2023-11-28 22:16:11,077][__main__][INFO] - Finished design in 1.34 minutes
