[2023-11-28 11:43:42,289][__main__][INFO] - Found GPU with device_name Tesla V100-PCIE-32GB. Will run RFdiffusion on Tesla V100-PCIE-32GB
[2023-11-28 11:43:42,289][rfdiffusion.inference.model_runners][INFO] - Reading checkpoint from /home/schaerer/Protein_design2/pipeline_code/RFdiffusion/rfdiffusion/inference/../../models/Base_ckpt.pt
[2023-11-28 11:43:56,384][rfdiffusion.inference.model_runners][INFO] - Loading checkpoint.
[2023-11-28 11:43:56,549][rfdiffusion.diffusion][INFO] - Calculating IGSO3.
[2023-11-28 11:44:18,233][__main__][INFO] - Making design RFdiffusion_tmp_output/test_0
[2023-11-28 11:44:18,237][rfdiffusion.inference.model_runners][INFO] - Using contig: ['10-20']
[2023-11-28 11:44:18,298][rfdiffusion.inference.model_runners][INFO] - Sequence init: -------------
[2023-11-28 11:44:28,356][rfdiffusion.inference.model_runners][INFO] - Timestep 50, input to next step: -------------
[2023-11-28 11:44:28,848][rfdiffusion.inference.model_runners][INFO] - Timestep 49, input to next step: -------------
[2023-11-28 11:44:29,337][rfdiffusion.inference.model_runners][INFO] - Timestep 48, input to next step: -------------
[2023-11-28 11:44:29,933][rfdiffusion.inference.model_runners][INFO] - Timestep 47, input to next step: -------------
[2023-11-28 11:44:30,436][rfdiffusion.inference.model_runners][INFO] - Timestep 46, input to next step: -------------
[2023-11-28 11:44:30,929][rfdiffusion.inference.model_runners][INFO] - Timestep 45, input to next step: -------------
[2023-11-28 11:44:31,417][rfdiffusion.inference.model_runners][INFO] - Timestep 44, input to next step: -------------
[2023-11-28 11:44:31,902][rfdiffusion.inference.model_runners][INFO] - Timestep 43, input to next step: -------------
[2023-11-28 11:44:32,387][rfdiffusion.inference.model_runners][INFO] - Timestep 42, input to next step: -------------
[2023-11-28 11:44:32,872][rfdiffusion.inference.model_runners][INFO] - Timestep 41, input to next step: -------------
[2023-11-28 11:44:33,357][rfdiffusion.inference.model_runners][INFO] - Timestep 40, input to next step: -------------
[2023-11-28 11:44:33,841][rfdiffusion.inference.model_runners][INFO] - Timestep 39, input to next step: -------------
[2023-11-28 11:44:34,328][rfdiffusion.inference.model_runners][INFO] - Timestep 38, input to next step: -------------
[2023-11-28 11:44:34,811][rfdiffusion.inference.model_runners][INFO] - Timestep 37, input to next step: -------------
[2023-11-28 11:44:35,295][rfdiffusion.inference.model_runners][INFO] - Timestep 36, input to next step: -------------
[2023-11-28 11:44:35,784][rfdiffusion.inference.model_runners][INFO] - Timestep 35, input to next step: -------------
[2023-11-28 11:44:36,270][rfdiffusion.inference.model_runners][INFO] - Timestep 34, input to next step: -------------
[2023-11-28 11:44:36,762][rfdiffusion.inference.model_runners][INFO] - Timestep 33, input to next step: -------------
[2023-11-28 11:44:37,248][rfdiffusion.inference.model_runners][INFO] - Timestep 32, input to next step: -------------
[2023-11-28 11:44:37,741][rfdiffusion.inference.model_runners][INFO] - Timestep 31, input to next step: -------------
[2023-11-28 11:44:38,237][rfdiffusion.inference.model_runners][INFO] - Timestep 30, input to next step: -------------
[2023-11-28 11:44:38,724][rfdiffusion.inference.model_runners][INFO] - Timestep 29, input to next step: -------------
[2023-11-28 11:44:39,209][rfdiffusion.inference.model_runners][INFO] - Timestep 28, input to next step: -------------
[2023-11-28 11:44:39,700][rfdiffusion.inference.model_runners][INFO] - Timestep 27, input to next step: -------------
[2023-11-28 11:44:40,185][rfdiffusion.inference.model_runners][INFO] - Timestep 26, input to next step: -------------
[2023-11-28 11:44:40,671][rfdiffusion.inference.model_runners][INFO] - Timestep 25, input to next step: -------------
[2023-11-28 11:44:41,155][rfdiffusion.inference.model_runners][INFO] - Timestep 24, input to next step: -------------
[2023-11-28 11:44:41,639][rfdiffusion.inference.model_runners][INFO] - Timestep 23, input to next step: -------------
[2023-11-28 11:44:42,121][rfdiffusion.inference.model_runners][INFO] - Timestep 22, input to next step: -------------
[2023-11-28 11:44:42,604][rfdiffusion.inference.model_runners][INFO] - Timestep 21, input to next step: -------------
[2023-11-28 11:44:43,089][rfdiffusion.inference.model_runners][INFO] - Timestep 20, input to next step: -------------
[2023-11-28 11:44:43,573][rfdiffusion.inference.model_runners][INFO] - Timestep 19, input to next step: -------------
[2023-11-28 11:44:44,054][rfdiffusion.inference.model_runners][INFO] - Timestep 18, input to next step: -------------
[2023-11-28 11:44:44,537][rfdiffusion.inference.model_runners][INFO] - Timestep 17, input to next step: -------------
[2023-11-28 11:44:45,019][rfdiffusion.inference.model_runners][INFO] - Timestep 16, input to next step: -------------
[2023-11-28 11:44:45,504][rfdiffusion.inference.model_runners][INFO] - Timestep 15, input to next step: -------------
[2023-11-28 11:44:45,987][rfdiffusion.inference.model_runners][INFO] - Timestep 14, input to next step: -------------
[2023-11-28 11:44:46,471][rfdiffusion.inference.model_runners][INFO] - Timestep 13, input to next step: -------------
[2023-11-28 11:44:46,953][rfdiffusion.inference.model_runners][INFO] - Timestep 12, input to next step: -------------
[2023-11-28 11:44:47,445][rfdiffusion.inference.model_runners][INFO] - Timestep 11, input to next step: -------------
[2023-11-28 11:44:47,928][rfdiffusion.inference.model_runners][INFO] - Timestep 10, input to next step: -------------
[2023-11-28 11:44:48,412][rfdiffusion.inference.model_runners][INFO] - Timestep 9, input to next step: -------------
[2023-11-28 11:44:48,894][rfdiffusion.inference.model_runners][INFO] - Timestep 8, input to next step: -------------
[2023-11-28 11:44:49,377][rfdiffusion.inference.model_runners][INFO] - Timestep 7, input to next step: -------------
[2023-11-28 11:44:49,863][rfdiffusion.inference.model_runners][INFO] - Timestep 6, input to next step: -------------
[2023-11-28 11:44:50,350][rfdiffusion.inference.model_runners][INFO] - Timestep 5, input to next step: -------------
[2023-11-28 11:44:50,836][rfdiffusion.inference.model_runners][INFO] - Timestep 4, input to next step: -------------
[2023-11-28 11:44:51,320][rfdiffusion.inference.model_runners][INFO] - Timestep 3, input to next step: -------------
[2023-11-28 11:44:51,802][rfdiffusion.inference.model_runners][INFO] - Timestep 2, input to next step: -------------
[2023-11-28 11:44:52,537][__main__][INFO] - Finished design in 0.57 minutes
